app/build/intermediates/manifest_merge_blame_file/debug/manifest-merger-blame-debug-report.txt
1<?xml version="1.0" encoding="utf-8"?>
2<manifest xmlns:android="http://schemas.android.com/apk/res/android"
3    package="com.villageplanner"
4    android:versionCode="1"
5    android:versionName="1.0" >
6
7    <uses-sdk
8        android:minSdkVersion="26"
8-->src\main\AndroidManifest.xml
9        android:targetSdkVersion="32" />
9-->src\main\AndroidManifest.xml
10
11    <uses-permission android:name="android.permission.ACCESS_FINE_LOCATION" />
11-->src\main\AndroidManifest.xml:6:5-79
11-->src\main\AndroidManifest.xml:6:22-76
12    <uses-permission android:name="android.permission.ACCESS_COARSE_LOCATION" />
12-->src\main\AndroidManifest.xml:7:5-81
12-->src\main\AndroidManifest.xml:7:22-78
13    <uses-permission android:name="android.permission.INTERNET" />
13-->src\main\AndroidManifest.xml:8:5-67
13-->src\main\AndroidManifest.xml:8:22-64
14    <uses-permission android:name="android.permission.INTERNET" />
14-->src\main\AndroidManifest.xml:8:5-67
14-->src\main\AndroidManifest.xml:8:22-64
15    <uses-permission android:name="android.permission.ACCESS_NETWORK_STATE" />
15-->src\main\AndroidManifest.xml:10:5-79
15-->src\main\AndroidManifest.xml:10:22-76
16    <uses-permission android:name="android.permission.ACCESS_WIFI_STATE" />
16-->src\main\AndroidManifest.xml:11:5-76
16-->src\main\AndroidManifest.xml:11:22-73
17
18    <uses-feature
18-->[com.google.android.gms:play-services-maps:18.1.0] AndroidManifest.xml:26:5-28:35
19        android:glEsVersion="0x00020000"
19-->[com.google.android.gms:play-services-maps:18.1.0] AndroidManifest.xml:27:9-41
20        android:required="true" />
20-->[com.google.android.gms:play-services-maps:18.1.0] AndroidManifest.xml:28:9-32
21
22    <queries>
22-->[com.google.android.gms:play-services-maps:18.1.0] AndroidManifest.xml:30:5-34:15
23
24        <!-- Needs to be explicitly declared on Android R+ -->
25        <package android:name="com.google.android.apps.maps" />
25-->[com.google.android.gms:play-services-maps:18.1.0] AndroidManifest.xml:33:9-64
25-->[com.google.android.gms:play-services-maps:18.1.0] AndroidManifest.xml:33:18-61
26    </queries>
27
28    <application
28-->src\main\AndroidManifest.xml:13:5-53:19
29        android:allowBackup="true"
29-->src\main\AndroidManifest.xml:14:9-35
30        android:appComponentFactory="androidx.core.app.CoreComponentFactory"
30-->[androidx.core:core:1.8.0] AndroidManifest.xml:24:18-86
31        android:dataExtractionRules="@xml/data_extraction_rules"
31-->src\main\AndroidManifest.xml:15:9-65
32        android:debuggable="true"
33        android:extractNativeLibs="false"
34        android:focusableInTouchMode="false"
34-->src\main\AndroidManifest.xml:16:9-45
35        android:fullBackupContent="@xml/backup_rules"
35-->src\main\AndroidManifest.xml:17:9-54
36        android:icon="@mipmap/ic_launcher"
36-->src\main\AndroidManifest.xml:18:9-43
37        android:label="@string/app_name"
37-->src\main\AndroidManifest.xml:19:9-41
38        android:roundIcon="@mipmap/ic_launcher_round"
38-->src\main\AndroidManifest.xml:20:9-54
39        android:supportsRtl="true"
39-->src\main\AndroidManifest.xml:21:9-35
40        android:testOnly="true"
41        android:theme="@style/Theme.VillagePlanner"
41-->src\main\AndroidManifest.xml:22:9-52
42        android:usesCleartextTraffic="true" >
42-->src\main\AndroidManifest.xml:23:9-44
43        <activity
43-->src\main\AndroidManifest.xml:25:9-29:71
44            android:name="com.villageplanner.RemindersActivity"
44-->src\main\AndroidManifest.xml:26:13-46
45            android:exported="false"
45-->src\main\AndroidManifest.xml:27:13-37
46            android:label="@string/title_activity_reminders"
46-->src\main\AndroidManifest.xml:28:13-61
47            android:theme="@style/Theme.VillagePlanner.NoActionBar" />
47-->src\main\AndroidManifest.xml:29:13-68
48
49        <meta-data
49-->src\main\AndroidManifest.xml:31:9-33:47
50            android:name="com.google.android.geo.API_KEY"
50-->src\main\AndroidManifest.xml:32:13-58
51            android:value="@string/map_key" />
51-->src\main\AndroidManifest.xml:33:13-44
52
53        <activity
53-->src\main\AndroidManifest.xml:35:9-37:48
54            android:name="com.villageplanner.MainActivity"
54-->src\main\AndroidManifest.xml:36:13-41
55            android:exported="true" />
55-->src\main\AndroidManifest.xml:37:13-36
56        <activity
56-->src\main\AndroidManifest.xml:38:9-46:20
57            android:name="com.villageplanner.LandPageActivity"
57-->src\main\AndroidManifest.xml:39:13-45
58            android:exported="true" >
58-->src\main\AndroidManifest.xml:40:13-36
59            <intent-filter>
59-->src\main\AndroidManifest.xml:41:13-45:29
60                <action android:name="android.intent.action.MAIN" />
60-->src\main\AndroidManifest.xml:42:17-69
60-->src\main\AndroidManifest.xml:42:25-66
61
62                <category android:name="android.intent.category.LAUNCHER" />
62-->src\main\AndroidManifest.xml:44:17-77
62-->src\main\AndroidManifest.xml:44:27-74
63            </intent-filter>
64        </activity>
65        <activity
65-->src\main\AndroidManifest.xml:47:9-49:48
66            android:name="com.villageplanner.RegisterActivity"
66-->src\main\AndroidManifest.xml:48:13-45
67            android:exported="true" />
67-->src\main\AndroidManifest.xml:49:13-36
68        <activity
68-->src\main\AndroidManifest.xml:50:9-52:48
69            android:name="com.villageplanner.LoginActivity"
69-->src\main\AndroidManifest.xml:51:13-42
70            android:exported="true" />
70-->src\main\AndroidManifest.xml:52:13-36
71        <!-- Needs to be explicitly declared on P+ -->
72        <uses-library
72-->[com.google.android.gms:play-services-maps:18.1.0] AndroidManifest.xml:39:9-41:40
73            android:name="org.apache.http.legacy"
73-->[com.google.android.gms:play-services-maps:18.1.0] AndroidManifest.xml:40:13-50
74            android:required="false" />
74-->[com.google.android.gms:play-services-maps:18.1.0] AndroidManifest.xml:41:13-37
75
76        <service
76-->[com.google.firebase:firebase-database:20.1.0] AndroidManifest.xml:28:9-34:19
77            android:name="com.google.firebase.components.ComponentDiscoveryService"
77-->[com.google.firebase:firebase-database:20.1.0] AndroidManifest.xml:29:13-84
78            android:directBootAware="true"
78-->[com.google.firebase:firebase-common:20.2.0] AndroidManifest.xml:34:13-43
79            android:exported="false" >
79-->[com.google.firebase:firebase-database:20.1.0] AndroidManifest.xml:30:13-37
80            <meta-data
80-->[com.google.firebase:firebase-database:20.1.0] AndroidManifest.xml:31:13-33:85
81                android:name="com.google.firebase.components:com.google.firebase.database.DatabaseRegistrar"
81-->[com.google.firebase:firebase-database:20.1.0] AndroidManifest.xml:32:17-109
82                android:value="com.google.firebase.components.ComponentRegistrar" />
82-->[com.google.firebase:firebase-database:20.1.0] AndroidManifest.xml:33:17-82
83            <meta-data
83-->[com.google.firebase:firebase-auth:21.1.0] AndroidManifest.xml:67:13-69:85
84                android:name="com.google.firebase.components:com.google.firebase.auth.FirebaseAuthRegistrar"
84-->[com.google.firebase:firebase-auth:21.1.0] AndroidManifest.xml:68:17-109
85                android:value="com.google.firebase.components.ComponentRegistrar" />
85-->[com.google.firebase:firebase-auth:21.1.0] AndroidManifest.xml:69:17-82
86        </service>
87
88        <activity
88-->[com.google.firebase:firebase-auth:21.1.0] AndroidManifest.xml:27:9-44:20
89            android:name="com.google.firebase.auth.internal.GenericIdpActivity"
89-->[com.google.firebase:firebase-auth:21.1.0] AndroidManifest.xml:28:13-80
90            android:excludeFromRecents="true"
90-->[com.google.firebase:firebase-auth:21.1.0] AndroidManifest.xml:29:13-46
91            android:exported="true"
91-->[com.google.firebase:firebase-auth:21.1.0] AndroidManifest.xml:30:13-36
92            android:launchMode="singleTask"
92-->[com.google.firebase:firebase-auth:21.1.0] AndroidManifest.xml:31:13-44
93            android:theme="@android:style/Theme.Translucent.NoTitleBar" >
93-->[com.google.firebase:firebase-auth:21.1.0] AndroidManifest.xml:32:13-72
94            <intent-filter>
94-->[com.google.firebase:firebase-auth:21.1.0] AndroidManifest.xml:33:13-43:29
95                <action android:name="android.intent.action.VIEW" />
95-->[com.google.firebase:firebase-auth:21.1.0] AndroidManifest.xml:34:17-69
95-->[com.google.firebase:firebase-auth:21.1.0] AndroidManifest.xml:34:25-66
96
97                <category android:name="android.intent.category.DEFAULT" />
97-->[com.google.firebase:firebase-auth:21.1.0] AndroidManifest.xml:36:17-76
97-->[com.google.firebase:firebase-auth:21.1.0] AndroidManifest.xml:36:27-73
98                <category android:name="android.intent.category.BROWSABLE" />
98-->[com.google.firebase:firebase-auth:21.1.0] AndroidManifest.xml:37:17-78
98-->[com.google.firebase:firebase-auth:21.1.0] AndroidManifest.xml:37:27-75
99
100                <data
100-->[com.google.firebase:firebase-auth:21.1.0] AndroidManifest.xml:39:17-42:51
101                    android:host="firebase.auth"
101-->[com.google.firebase:firebase-auth:21.1.0] AndroidManifest.xml:40:21-49
102                    android:path="/"
102-->[com.google.firebase:firebase-auth:21.1.0] AndroidManifest.xml:41:21-37
103                    android:scheme="genericidp" />
103-->[com.google.firebase:firebase-auth:21.1.0] AndroidManifest.xml:42:21-48
104            </intent-filter>
105        </activity>
106        <activity
106-->[com.google.firebase:firebase-auth:21.1.0] AndroidManifest.xml:45:9-62:20
107            android:name="com.google.firebase.auth.internal.RecaptchaActivity"
107-->[com.google.firebase:firebase-auth:21.1.0] AndroidManifest.xml:46:13-79
108            android:excludeFromRecents="true"
108-->[com.google.firebase:firebase-auth:21.1.0] AndroidManifest.xml:47:13-46
109            android:exported="true"
109-->[com.google.firebase:firebase-auth:21.1.0] AndroidManifest.xml:48:13-36
110            android:launchMode="singleTask"
110-->[com.google.firebase:firebase-auth:21.1.0] AndroidManifest.xml:49:13-44
111            android:theme="@android:style/Theme.Translucent.NoTitleBar" >
111-->[com.google.firebase:firebase-auth:21.1.0] AndroidManifest.xml:50:13-72
112            <intent-filter>
112-->[com.google.firebase:firebase-auth:21.1.0] AndroidManifest.xml:51:13-61:29
113                <action android:name="android.intent.action.VIEW" />
113-->[com.google.firebase:firebase-auth:21.1.0] AndroidManifest.xml:34:17-69
113-->[com.google.firebase:firebase-auth:21.1.0] AndroidManifest.xml:34:25-66
114
115                <category android:name="android.intent.category.DEFAULT" />
115-->[com.google.firebase:firebase-auth:21.1.0] AndroidManifest.xml:36:17-76
115-->[com.google.firebase:firebase-auth:21.1.0] AndroidManifest.xml:36:27-73
116                <category android:name="android.intent.category.BROWSABLE" />
116-->[com.google.firebase:firebase-auth:21.1.0] AndroidManifest.xml:37:17-78
116-->[com.google.firebase:firebase-auth:21.1.0] AndroidManifest.xml:37:27-75
117
118                <data
118-->[com.google.firebase:firebase-auth:21.1.0] AndroidManifest.xml:39:17-42:51
119                    android:host="firebase.auth"
119-->[com.google.firebase:firebase-auth:21.1.0] AndroidManifest.xml:40:21-49
120                    android:path="/"
120-->[com.google.firebase:firebase-auth:21.1.0] AndroidManifest.xml:41:21-37
121                    android:scheme="recaptcha" />
121-->[com.google.firebase:firebase-auth:21.1.0] AndroidManifest.xml:42:21-48
122            </intent-filter>
123        </activity>
124        <activity
124-->[com.google.android.gms:play-services-base:18.0.1] AndroidManifest.xml:20:9-22:45
125            android:name="com.google.android.gms.common.api.GoogleApiActivity"
125-->[com.google.android.gms:play-services-base:18.0.1] AndroidManifest.xml:20:19-85
126            android:exported="false"
126-->[com.google.android.gms:play-services-base:18.0.1] AndroidManifest.xml:22:19-43
127            android:theme="@android:style/Theme.Translucent.NoTitleBar" />
127-->[com.google.android.gms:play-services-base:18.0.1] AndroidManifest.xml:21:19-78
128
129        <provider
129-->[com.google.firebase:firebase-common:20.2.0] AndroidManifest.xml:25:9-30:39
130            android:name="com.google.firebase.provider.FirebaseInitProvider"
130-->[com.google.firebase:firebase-common:20.2.0] AndroidManifest.xml:26:13-77
131            android:authorities="com.villageplanner.firebaseinitprovider"
131-->[com.google.firebase:firebase-common:20.2.0] AndroidManifest.xml:27:13-72
132            android:directBootAware="true"
132-->[com.google.firebase:firebase-common:20.2.0] AndroidManifest.xml:28:13-43
133            android:exported="false"
133-->[com.google.firebase:firebase-common:20.2.0] AndroidManifest.xml:29:13-37
134            android:initOrder="100" />
134-->[com.google.firebase:firebase-common:20.2.0] AndroidManifest.xml:30:13-36
135
136        <meta-data
136-->[com.google.android.gms:play-services-basement:18.1.0] AndroidManifest.xml:21:9-23:69
137            android:name="com.google.android.gms.version"
137-->[com.google.android.gms:play-services-basement:18.1.0] AndroidManifest.xml:22:13-58
138            android:value="@integer/google_play_services_version" />
138-->[com.google.android.gms:play-services-basement:18.1.0] AndroidManifest.xml:23:13-66
139
140        <provider
140-->[androidx.emoji2:emoji2:1.2.0] AndroidManifest.xml:24:9-32:20
141            android:name="androidx.startup.InitializationProvider"
141-->[androidx.emoji2:emoji2:1.2.0] AndroidManifest.xml:25:13-67
142            android:authorities="com.villageplanner.androidx-startup"
142-->[androidx.emoji2:emoji2:1.2.0] AndroidManifest.xml:26:13-68
143            android:exported="false" >
143-->[androidx.emoji2:emoji2:1.2.0] AndroidManifest.xml:27:13-37
144            <meta-data
144-->[androidx.emoji2:emoji2:1.2.0] AndroidManifest.xml:29:13-31:52
145                android:name="androidx.emoji2.text.EmojiCompatInitializer"
145-->[androidx.emoji2:emoji2:1.2.0] AndroidManifest.xml:30:17-75
146                android:value="androidx.startup" />
146-->[androidx.emoji2:emoji2:1.2.0] AndroidManifest.xml:31:17-49
147            <meta-data
147-->[androidx.lifecycle:lifecycle-process:2.4.1] AndroidManifest.xml:31:13-33:52
148                android:name="androidx.lifecycle.ProcessLifecycleInitializer"
148-->[androidx.lifecycle:lifecycle-process:2.4.1] AndroidManifest.xml:32:17-78
149                android:value="androidx.startup" />
149-->[androidx.lifecycle:lifecycle-process:2.4.1] AndroidManifest.xml:33:17-49
150        </provider>
151
152        <uses-library
152-->[androidx.window:window:1.0.0] AndroidManifest.xml:25:9-27:40
153            android:name="androidx.window.extensions"
153-->[androidx.window:window:1.0.0] AndroidManifest.xml:26:13-54
154            android:required="false" />
154-->[androidx.window:window:1.0.0] AndroidManifest.xml:27:13-37
155        <uses-library
155-->[androidx.window:window:1.0.0] AndroidManifest.xml:28:9-30:40
156            android:name="androidx.window.sidecar"
156-->[androidx.window:window:1.0.0] AndroidManifest.xml:29:13-51
157            android:required="false" />
157-->[androidx.window:window:1.0.0] AndroidManifest.xml:30:13-37
158    </application>
159
160</manifest>